2017-09-17 05:04:00.482258 INFO AppDaemon Version 2.1.9 starting
2017-09-17 05:04:00.482950 INFO Configuration read from: /home/homeassistant/conf/appdaemon.yaml
2017-09-17 05:04:00.591829 INFO Starting Apps
2017-09-17 05:04:00.672307 INFO Got initial state
2017-09-17 05:04:00.673882 INFO Loading Module: /home/homeassistant/conf/apps/hello.py
2017-09-17 05:04:00.675671 INFO Loading Object hello_world using class HelloWorld from module hello
2017-09-17 05:04:00.832861 INFO hello_world: Hello from AppDaemon
2017-09-17 05:04:00.835773 INFO hello_world: You are now ready to run Apps!
2017-09-17 05:04:00.836316 INFO App initialization complete
2017-09-17 05:04:00.837027 INFO Starting dashboard
2017-09-17 05:04:00.848566 INFO Starting API
2017-09-17 05:04:00.861064 INFO Connected to Home Assistant 0.53.0
2017-09-17 05:04:33.239467 INFO Keyboard interrupt
2017-09-17 05:04:33.249490 INFO Disconnecting from Home Assistant
2017-09-17 05:04:34.005807 INFO AppDeamon Exited
2017-09-17 05:04:38.550745 INFO AppDaemon Version 2.1.9 starting
2017-09-17 05:04:38.551461 INFO Configuration read from: /home/homeassistant/conf/appdaemon.yaml
2017-09-17 05:04:38.662130 INFO Starting Apps
2017-09-17 05:04:38.741957 INFO Got initial state
2017-09-17 05:04:38.743501 INFO Loading Module: /home/homeassistant/conf/apps/hello.py
2017-09-17 05:04:38.745291 INFO Loading Object hello_world using class HelloWorld from module hello
2017-09-17 05:04:38.899851 INFO hello_world: Hello from AppDaemon
2017-09-17 05:04:38.902869 INFO hello_world: You are now ready to run Apps!
2017-09-17 05:04:38.903437 INFO App initialization complete
2017-09-17 05:04:38.904152 INFO Starting dashboard
2017-09-17 05:04:38.915122 INFO Starting API
2017-09-17 05:04:38.927320 INFO Connected to Home Assistant 0.53.0
2017-09-17 05:05:07.119842 INFO Keyboard interrupt
2017-09-17 05:05:07.130115 INFO Disconnecting from Home Assistant
2017-09-17 05:05:08.005778 INFO AppDeamon Exited
2017-09-17 05:05:14.399099 INFO AppDaemon Version 2.1.9 starting
2017-09-17 05:05:14.399747 INFO Configuration read from: /home/homeassistant/conf/appdaemon.yaml
2017-09-17 05:05:14.514816 INFO Starting Apps
2017-09-17 05:05:14.595965 INFO Got initial state
2017-09-17 05:05:14.597539 INFO Loading Module: /home/homeassistant/conf/apps/hello.py
2017-09-17 05:05:14.599371 INFO Loading Object hello_world using class HelloWorld from module hello
2017-09-17 05:05:14.753416 INFO hello_world: Hello from AppDaemon
2017-09-17 05:05:14.756388 INFO hello_world: You are now ready to run Apps!
2017-09-17 05:05:14.756950 INFO App initialization complete
2017-09-17 05:05:14.757691 INFO Starting dashboard
2017-09-17 05:05:14.769486 INFO Starting API
2017-09-17 05:05:14.783316 INFO Connected to Home Assistant 0.53.0
2017-09-17 05:05:36.999606 INFO Keyboard interrupt
2017-09-17 05:05:37.016774 INFO Disconnecting from Home Assistant
2017-09-17 05:05:37.019703 INFO AppDeamon Exited
2017-09-17 05:05:50.390710 INFO AppDaemon Version 2.1.9 starting
2017-09-17 05:05:50.391367 INFO Configuration read from: /home/homeassistant/conf/appdaemon.yaml
2017-09-17 05:05:50.508696 INFO Starting Apps
2017-09-17 05:05:50.591386 INFO Got initial state
2017-09-17 05:05:50.592965 INFO Loading Module: /home/homeassistant/conf/apps/hello.py
2017-09-17 05:05:50.594774 INFO Loading Object hello_world using class HelloWorld from module hello
2017-09-17 05:05:50.759833 INFO hello_world: Hello from AppDaemon
2017-09-17 05:05:50.762835 INFO hello_world: You are now ready to run Apps!
2017-09-17 05:05:50.763406 INFO App initialization complete
2017-09-17 05:05:50.764105 INFO Starting dashboard
2017-09-17 05:05:50.775440 INFO Starting API
2017-09-17 05:05:50.790730 INFO Connected to Home Assistant 0.53.0
2017-09-17 05:06:08.979982 INFO Keyboard interrupt
2017-09-17 05:06:08.991335 INFO Disconnecting from Home Assistant
2017-09-17 05:06:09.004455 INFO AppDeamon Exited
2017-09-17 05:07:27.099691 INFO AppDaemon Version 2.1.9 starting
2017-09-17 05:07:27.103596 INFO Configuration read from: /home/homeassistant/conf/appdaemon.yaml
2017-09-17 05:07:27.262830 INFO Starting Apps
2017-09-17 05:07:27.366971 INFO Got initial state
2017-09-17 05:07:27.368560 INFO Loading Module: /home/homeassistant/conf/apps/hello.py
2017-09-17 05:07:27.373790 INFO Loading Object hello_world using class HelloWorld from module hello
2017-09-17 05:07:27.540801 INFO hello_world: Hello from AppDaemon
2017-09-17 05:07:27.543770 INFO hello_world: You are now ready to run Apps!
2017-09-17 05:07:27.544302 INFO App initialization complete
2017-09-17 05:07:27.544999 INFO Starting dashboard
2017-09-17 05:07:27.560425 INFO Starting API
2017-09-17 05:07:27.574134 INFO Connected to Home Assistant 0.53.0
2017-09-17 05:07:39.207514 INFO Keyboard interrupt
2017-09-17 05:07:39.218663 INFO Disconnecting from Home Assistant
2017-09-17 05:07:40.005242 INFO AppDeamon Exited
